\BOOKMARK [1][-]{section.1}{\376\377\000I\000n\000t\000r\000o\000d\000u\000c\000t\000i\000o\000n}{}% 1
\BOOKMARK [1][-]{section.2}{\376\377\000S\000y\000s\000t\000e\000m\000\040\000O\000v\000e\000r\000v\000i\000e\000w}{}% 2
\BOOKMARK [1][-]{section.3}{\376\377\000C\000o\000m\000p\000o\000n\000e\000n\000t\000s}{}% 3
\BOOKMARK [1][-]{section.4}{\376\377\000C\000i\000r\000c\000u\000i\000t\000\040\000C\000o\000n\000n\000e\000c\000t\000i\000o\000n\000s}{}% 4
\BOOKMARK [2][-]{subsection.4.1}{\376\377\000I\000n\000p\000u\000t\000\040\000K\000e\000y\000b\000o\000a\000r\000d}{section.4}% 5
\BOOKMARK [2][-]{subsection.4.2}{\376\377\000L\000C\000D\000\040\000C\000o\000n\000n\000e\000c\000t\000i\000o\000n\000s}{section.4}% 6
\BOOKMARK [1][-]{section.5}{\376\377\000Q\0001\0006\000.\0004\0007\000\040\000F\000i\000x\000e\000d\000-\000P\000o\000i\000n\000t\000\040\000F\000o\000r\000m\000a\000t}{}% 7
\BOOKMARK [2][-]{subsection.5.1}{\376\377\000C\000o\000n\000v\000e\000r\000s\000i\000o\000n\000\040\000t\000o\000\040\000F\000l\000o\000a\000t\000i\000n\000g\000\040\000P\000o\000i\000n\000t\000\040\000f\000r\000o\000m\000\040\000F\000i\000x\000e\000d\000\040\000P\000o\000i\000n\000t}{section.5}% 8
\BOOKMARK [2][-]{subsection.5.2}{\376\377\000C\000o\000n\000v\000e\000r\000s\000i\000o\000n\000\040\000t\000o\000\040\000F\000i\000x\000e\000d\000\040\000P\000o\000i\000n\000t\000\040\000f\000r\000o\000m\000\040\000F\000l\000o\000a\000t\000i\000n\000g\000\040\000P\000o\000i\000n\000t}{section.5}% 9
\BOOKMARK [2][-]{subsection.5.3}{\376\377\000R\000a\000n\000g\000e\000\040\000o\000f\000\040\000t\000h\000e\000\040\000c\000a\000l\000c\000u\000l\000a\000t\000o\000r}{section.5}% 10
\BOOKMARK [1][-]{section.6}{\376\377\000A\000r\000i\000t\000h\000m\000e\000t\000i\000c\000\040\000M\000o\000d\000u\000l\000e\000s}{}% 11
\BOOKMARK [2][-]{subsection.6.1}{\376\377\000A\000d\000d\000e\000r}{section.6}% 12
\BOOKMARK [2][-]{subsection.6.2}{\376\377\000M\000u\000l\000t\000i\000p\000l\000i\000e\000r}{section.6}% 13
\BOOKMARK [2][-]{subsection.6.3}{\376\377\000D\000i\000v\000i\000d\000e\000r}{section.6}% 14
\BOOKMARK [2][-]{subsection.6.4}{\376\377\000C\000o\000m\000p\000a\000r\000i\000s\000o\000n}{section.6}% 15
\BOOKMARK [1][-]{section.7}{\376\377\000T\000r\000a\000n\000s\000c\000e\000n\000d\000e\000n\000t\000a\000l\000\040\000F\000u\000n\000c\000t\000i\000o\000n\000\040\000M\000o\000d\000u\000l\000e\000s}{}% 16
\BOOKMARK [2][-]{subsection.7.1}{\376\377\000s\000i\000n\000\050\000x\000\051\000:\000\040\000D\000o\000u\000b\000l\000e\000\040\000E\000u\000l\000e\000r\000\040\000M\000e\000t\000h\000o\000d}{section.7}% 17
\BOOKMARK [2][-]{subsection.7.2}{\376\377\000c\000o\000s\000\050\000x\000\051\000:\000\040\000D\000o\000u\000b\000l\000e\000\040\000E\000u\000l\000e\000r\000\040\000\050\000w\000i\000t\000h\000\040\000D\000i\000f\000f\000e\000r\000e\000n\000t\000\040\000I\000n\000i\000t\000i\000a\000l\000\040\000C\000o\000n\000d\000i\000t\000i\000o\000n\000s\000\051}{section.7}% 18
\BOOKMARK [2][-]{subsection.7.3}{\376\377\000t\000a\000n\000\050\000x\000\051\000:\000\040\000F\000o\000r\000w\000a\000r\000d\000\040\000E\000u\000l\000e\000r\000\040\000M\000e\000t\000h\000o\000d}{section.7}% 19
\BOOKMARK [2][-]{subsection.7.4}{\376\377\000e\000x\000p\000\050\000x\000\051\000:\000\040\000R\000K\0002\000\040\000\050\000M\000i\000d\000p\000o\000i\000n\000t\000\040\000M\000e\000t\000h\000o\000d\000\051}{section.7}% 20
\BOOKMARK [1][-]{section.8}{\376\377\000F\000i\000x\000e\000d\000-\000P\000o\000i\000n\000t\000\040\000t\000o\000\040\000A\000S\000C\000I\000I\000\040\000\050\000f\000t\000a\000\051\000\040\000a\000n\000d\000\040\000A\000S\000C\000I\000I\000\040\000t\000o\000\040\000F\000i\000x\000e\000d\000-\000P\000o\000i\000n\000t\000\040\000\050\000a\000t\000f\000\051\000\040\000M\000o\000d\000u\000l\000e\000s}{}% 21
\BOOKMARK [2][-]{subsection.8.1}{\376\377\000T\000h\000e\000\040\000f\000t\000a\000\040\000M\000o\000d\000u\000l\000e\000:\000\040\000F\000i\000x\000e\000d\000-\000P\000o\000i\000n\000t\000\040\000t\000o\000\040\000A\000S\000C\000I\000I\000\040\000C\000o\000n\000v\000e\000r\000s\000i\000o\000n}{section.8}% 22
\BOOKMARK [2][-]{subsection.8.2}{\376\377\000T\000h\000e\000\040\000a\000t\000f\000\040\000M\000o\000d\000u\000l\000e\000:\000\040\000A\000S\000C\000I\000I\000\040\000t\000o\000\040\000F\000i\000x\000e\000d\000-\000P\000o\000i\000n\000t\000\040\000C\000o\000n\000v\000e\000r\000s\000i\000o\000n}{section.8}% 23
\BOOKMARK [1][-]{section.9}{\376\377\000P\000e\000r\000f\000o\000r\000m\000a\000n\000c\000e}{}% 24
\BOOKMARK [1][-]{section.10}{\376\377\000A\000c\000c\000u\000r\000a\000c\000y}{}% 25
\BOOKMARK [2][-]{subsection.10.1}{\376\377\000s\000i\000n\000\050\000x\000\051}{section.10}% 26
\BOOKMARK [2][-]{subsection.10.2}{\376\377\000c\000o\000s\000\050\000x\000\051}{section.10}% 27
\BOOKMARK [2][-]{subsection.10.3}{\376\377\000t\000a\000n\000\050\000x\000\051}{section.10}% 28
\BOOKMARK [2][-]{subsection.10.4}{\376\377\000e\000x\000p\000\050\000x\000\051}{section.10}% 29
\BOOKMARK [1][-]{section.11}{\376\377\000E\000x\000e\000c\000u\000t\000i\000o\000n}{}% 30
\BOOKMARK [2][-]{subsection.11.1}{\376\377\000D\000o\000w\000n\000l\000o\000a\000d\000\040\000t\000h\000e\000\040\000r\000e\000p\000o\000s\000i\000t\000o\000r\000y}{section.11}% 31
\BOOKMARK [2][-]{subsection.11.2}{\376\377\000L\000o\000c\000a\000t\000e\000\040\000t\000h\000e\000\040\000f\000o\000l\000d\000e\000r\000\040\000c\000o\000d\000e\000s\000,\000\040\000i\000n\000\040\000t\000h\000e\000\040\000C\000a\000l\000c\000u\000l\000a\000t\000o\000r\000\040\000f\000o\000l\000d\000e\000r\000.}{section.11}% 32
\BOOKMARK [2][-]{subsection.11.3}{\376\377\000G\000e\000n\000e\000r\000a\000t\000e\000\040\000t\000h\000e\000\040\000.\000b\000i\000n\000\040\000f\000i\000l\000e}{section.11}% 33
\BOOKMARK [2][-]{subsection.11.4}{\376\377\000D\000u\000m\000p\000\040\000.\000b\000i\000n\000\040\000f\000i\000l\000e\000s\000\040\000o\000n\000\040\000t\000h\000e\000\040\000V\000a\000m\000a\000n\000\040\000F\000P\000G\000A}{section.11}% 34
\BOOKMARK [2][-]{subsection.11.5}{\376\377\000H\000a\000r\000d\000w\000a\000r\000e\000\040\000B\000u\000i\000l\000d}{section.11}% 35
