VPR FPGA Placement and Routing.
Version: 8.1.0-dev+dadca7ecf-dirty
Revision: v8.0.0-rc2-2909-gdadca7ecf-dirty
Compiled: 2025-07-15T17:06:01
Compiler: GNU 11.4.0 on Linux-6.8.0-40-generic x86_64
Build Info: release IPO VTR_ASSERT_LEVEL=2

University of Toronto
verilogtorouting.org
vtr-users@googlegroups.com
This is free open source code under MIT license.

VPR was run with the following command-line:
vpr /root/symbiflow/quicklogic-arch-defs/share/arch/ql-eos-s3_wlcsp/arch.timing.xml main.eblif --device ql-eos-s3 --max_router_iterations 500 --routing_failure_predictor off --router_high_fanout_threshold -1 --constant_net_method route --route_chan_width 100 --clock_modeling route --place_delay_model delta_override --router_lookahead map --check_route quick --strict_checks off --allow_dangling_combinational_nodes on --disable_errors check_unbuffered_edges:check_route --congested_routing_iteration_threshold 0.8 --incremental_reroute_delay_ripup off --base_cost_type delay_normalized_length_bounded --bb_factor 10 --initial_pres_fac 4.0 --check_rr_graph off --suppress_warnings ,sum_pin_class:check_unbuffered_edges:load_rr_indexed_data_T_values:check_rr_node:trans_per_R:check_route:set_rr_graph_tool_comment:warn_model_missing_timing --read_rr_graph /root/symbiflow/quicklogic-arch-defs/share/arch/ql-eos-s3_wlcsp/rr_graph_ql-eos-s3_wlcsp.rr_graph.real.bin --read_placement_delay_lookup /root/symbiflow/quicklogic-arch-defs/share/arch/ql-eos-s3_wlcsp/rr_graph_ql-eos-s3_wlcsp.place_delay.bin --sdc_file /home/ysiddhanth/Desktop/dump/Clock-project/verilog/build/main_dummy.sdc --pack


Architecture file: /root/symbiflow/quicklogic-arch-defs/share/arch/ql-eos-s3_wlcsp/arch.timing.xml
Circuit name: main

# Loading Architecture Description
# Loading Architecture Description took 0.27 seconds (max_rss 28.7 MiB, delta_rss +23.2 MiB)
# Building complex block graph
# Building complex block graph took 0.06 seconds (max_rss 35.4 MiB, delta_rss +6.7 MiB)
# Load circuit
# Load circuit took 0.02 seconds (max_rss 40.2 MiB, delta_rss +4.8 MiB)
# Clean circuit
Absorbed 2132 LUT buffers
Inferred  106 additional primitive pins as constant generators since they have no combinationally connected inputs
Inferred   35 additional primitive pins as constant generators due to constant inputs
Inferred    0 additional primitive pins as constant generators since they have no combinationally connected inputs
Inferred    0 additional primitive pins as constant generators due to constant inputs
Inferred    0 additional primitive pins as constant generators since they have no combinationally connected inputs
Inferred    0 additional primitive pins as constant generators due to constant inputs
Swept input(s)      : 0
Swept output(s)     : 0 (0 dangling, 0 constant)
Swept net(s)        : 141
Swept block(s)      : 1
Constant Pins Marked: 141
# Clean circuit took 0.02 seconds (max_rss 46.8 MiB, delta_rss +6.6 MiB)
# Compress circuit
# Compress circuit took 0.00 seconds (max_rss 46.9 MiB, delta_rss +0.1 MiB)
# Verify circuit
# Verify circuit took 0.00 seconds (max_rss 46.9 MiB, delta_rss +0.0 MiB)
Circuit Statistics:
  Blocks: 360
    .input    :       4
    .output   :      10
    ASSP      :       1
    BIDIR_CELL:      14
    C_FRAG    :      14
    F_FRAG    :       4
    GND       :       1
    Q_FRAG    :     107
    T_FRAG    :     204
    VCC       :       1
  Nets  : 350
    Avg Fanout:     7.4
    Max Fanout:  1008.0
    Min Fanout:     1.0
  Netlist Clocks: 2
# Build Timing Graph
Warning 1: Inferred implicit clock source aclk_dff_Q.QZ[0] for netlist clock aclk (possibly data used as clock)
  Timing Graph Nodes: 2934
  Timing Graph Edges: 4768
  Timing Graph Levels: 22
# Build Timing Graph took 0.00 seconds (max_rss 46.9 MiB, delta_rss +0.0 MiB)
Netlist contains 2 clocks
  Netlist Clock 'aclk' Fanout: 48 pins (1.6%), 48 blocks (13.3%)
  Netlist Clock 'clk' Fanout: 59 pins (2.0%), 59 blocks (16.4%)
# Load Timing Constraints

SDC file '/home/ysiddhanth/Desktop/dump/Clock-project/verilog/build/main_dummy.sdc' contained no SDC commands
Setting default timing constraints:
   * constrain all primay inputs and primary outputs on a virtual external clock 'virtual_io_clock'
   * optimize all netlist and virtual clocks to run as fast as possible
   * ignore cross netlist clock domain timing paths
Timing constraints created 3 clocks
  Constrained Clock 'virtual_io_clock' (Virtual Clock)
  Constrained Clock 'aclk' Source: 'aclk_dff_Q.QZ[0]'
  Constrained Clock 'clk' Source: 'u_qlal4s3b_cell_macro.Sys_Clk0[0]'

# Load Timing Constraints took 0.00 seconds (max_rss 46.9 MiB, delta_rss +0.0 MiB)
Timing analysis: ON
Circuit netlist file: main.net
Circuit placement file: main.place
Circuit routing file: main.route
Circuit SDC file: /home/ysiddhanth/Desktop/dump/Clock-project/verilog/build/main_dummy.sdc

Packer: ENABLED
Placer: DISABLED
Router: DISABLED
Analysis: DISABLED

NetlistOpts.abosrb_buffer_luts            : true
NetlistOpts.sweep_dangling_primary_ios    : true
NetlistOpts.sweep_dangling_nets           : true
NetlistOpts.sweep_dangling_blocks         : true
NetlistOpts.sweep_constant_primary_outputs: false
NetlistOpts.netlist_verbosity             : 1
NetlistOpts.const_gen_inference           : COMB_SEQ

PackerOpts.allow_unrelated_clustering: auto
PackerOpts.alpha_clustering: 0.750000
PackerOpts.beta_clustering: 0.900000
PackerOpts.cluster_seed_type: BLEND2
PackerOpts.connection_driven: true
PackerOpts.global_clocks: true
PackerOpts.hill_climbing_flag: false
PackerOpts.inter_cluster_net_delay: 1.000000
PackerOpts.timing_driven: true
PackerOpts.target_external_pin_util: auto

RoutingArch.directionality: BI_DIRECTIONAL
RoutingArch.switch_block_type: WILTON
RoutingArch.Fs: 3

# Packing
Begin packing 'main.eblif'.
Warning 2: All 3 clocks will be treated as global.

After removing unused inputs...
	total blocks: 360, total nets: 350, total inputs: 4, total outputs: 10
Begin prepacking.
Finish prepacking.
Using inter-cluster delay: 1.2e-14
Warning 3: Unable to determine most common block type (perhaps the device grid was empty?)
Warning 4: Unable to infer which block type is a logic block
Warning 5: Unable to identify logic block type to apply default pin utilization targets to; this may result in denser packing than desired
Warning 6: Unable to determine most common block type (perhaps the device grid was empty?)
Warning 7: Unable to infer which block type is a logic block
Warning 8: Unable to identify logic block type to apply default packer high fanout thresholds; this may result in denser packing than desired
Packing with pin utilization targets: TL-LOGIC:1,1 TL-RAM:1,1 TL-MULT:1,1 TL-BIDIR:1,1 TL-CLOCK:1,1 TL-SDIOMUX:1,1 TL-GMUX:1,1 TL-ASSP:1,1 TL-SYN_VCC:1,1 TL-SYN_GND:1,1
Packing with high fanout thresholds: TL-LOGIC:128 TL-RAM:128 TL-MULT:128 TL-BIDIR:128 TL-CLOCK:128 TL-SDIOMUX:128 TL-GMUX:128 TL-ASSP:128 TL-SYN_VCC:128 TL-SYN_GND:128
Not enough resources expand FPGA size to (39 x 35)
Complex block 0: 'u_qlal4s3b_cell_macro' (PB-ASSP) .
Complex block 1: 'b3_LUT2_I1_O_LUT3_I0_O_mux4x0_A_Q_LUT2_I0_O_LUT2_O.t_frag' (PB-LOGIC) ...
Complex block 2: 'b3_LUT2_I1_O_LUT3_I0_O_mux4x0_A_Q_LUT2_I0_O_LUT2_O_1.t_frag' (PB-LOGIC) ...
Complex block 3: 'b3_LUT2_I1_O_LUT3_I0_O_mux4x0_A_Q_LUT2_I0_O_LUT2_O_2.t_frag' (PB-LOGIC) ...
Complex block 4: 'b3_LUT2_I1_O_LUT3_I0_O_mux4x0_A_Q_LUT2_I0_O_LUT2_O_3.t_frag' (PB-LOGIC) ...
Complex block 5: 'b3_LUT2_I1_O_LUT3_I0_O_mux4x0_A_Q_LUT2_I0_O_LUT2_O_4.t_frag' (PB-LOGIC) ..
Complex block 6: 'b3_LUT2_I1_O_LUT3_I0_O_mux4x0_A_Q_LUT2_I0_O_LUT2_O_5.t_frag' (PB-LOGIC) ..
Complex block 7: 'b3_LUT2_I1_O_LUT3_I0_O_mux4x0_A_Q_LUT2_I0_O_LUT2_O_6.t_frag' (PB-LOGIC) ..
Complex block 8: 'b3_LUT2_I1_O_LUT3_I0_O_mux4x0_A_Q_LUT2_I0_O_LUT2_O_7.t_frag' (PB-LOGIC) ..
Complex block 9: 'b3_LUT2_I1_O_LUT3_I0_O_mux4x0_A_Q_LUT2_I0_O_LUT2_O_8.t_frag' (PB-LOGIC) ..
Complex block 10: 'b3_LUT2_I1_O_LUT3_I0_O_mux4x0_A_Q_LUT2_I0_O_LUT2_O_9.t_frag' (PB-LOGIC) ..
Complex block 11: 'b3_LUT2_I1_O_LUT3_I0_1_O_mux4x0_A_Q_LUT2_I0.t_frag' (PB-LOGIC) ..
Complex block 12: 'b3_LUT2_I1_O_LUT3_I0_2_O_mux4x0_A_Q_LUT2_I0.t_frag' (PB-LOGIC) ..
Complex block 13: 'b3_LUT2_I1_O_LUT3_I0_O_mux4x0_A_Q_LUT2_I0.t_frag' (PB-LOGIC) ..
Complex block 14: 'b3_LUT2_I1_O_LUT3_I0_3_O_mux4x0_A_Q_LUT2_I0.t_frag' (PB-LOGIC) ..
Complex block 15: 'b3_LUT2_I1_O_LUT3_I0_4_O_mux4x0_A_Q_LUT2_I0.t_frag' (PB-LOGIC) ..
Complex block 16: 'b3_LUT2_I1_O_LUT3_I0_5_O_mux4x0_A_Q_LUT2_I0.t_frag' (PB-LOGIC) ..
Complex block 17: 'pulse_active_dff_Q_D_LUT2_O.t_frag' (PB-LOGIC) ..
Complex block 18: 'mux_index_dffe_Q_EN_LUT3_O_I0_LUT3_O_I0_LUT2_I0_O_LUT3_I0_O_LUT4_O_1.c_frag' (PB-LOGIC) .
Complex block 19: 'mux_index_dffe_Q_EN_LUT3_O_I0_LUT3_O_I0_LUT2_I0_O_LUT3_I0_O_LUT4_O.c_frag' (PB-LOGIC) .
Complex block 20: 'aclk_dff_Q_D_LUT3_O.t_frag' (PB-LOGIC) ..
Complex block 21: 'mux_index_dffe_Q_EN_LUT3_O_I0_LUT3_O_I0_LUT2_I0_O_LUT3_I0_O_LUT2_O_1.t_frag' (PB-LOGIC) ..
Complex block 22: 'mux_index_dffe_Q_EN_LUT3_O_I0_LUT3_O_I0_LUT2_I0_O_LUT3_I0.t_frag' (PB-LOGIC) ..
Complex block 23: 'mux_index_dffe_Q_EN_LUT3_O_I0_LUT3_O_I0_LUT2_I0_O_LUT3_I0_O_LUT2_O_5.t_frag' (PB-LOGIC) ..
Complex block 24: 'mux_index_dffe_Q_EN_LUT3_O_I0_LUT3_O_I0_LUT2_I0_O_LUT3_I0_O_LUT2_O_7.t_frag' (PB-LOGIC) ..
Complex block 25: 'mux_index_dffe_Q_EN_LUT3_O_I0_LUT3_O_I0_LUT2_I0_O_LUT3_I0_O_LUT2_O.t_frag' (PB-LOGIC) ..
Complex block 26: 'mux_index_dffe_Q_EN_LUT3_O_I0_LUT3_O_I0_LUT2_I0_O_LUT3_I1.t_frag' (PB-LOGIC) ..
Complex block 27: 'mux_index_dffe_Q_EN_LUT3_O_I0_LUT3_O_I0_LUT2_I0_O_LUT3_I0_O_LUT3_O_4.t_frag' (PB-LOGIC) ..
Complex block 28: 'mux_index_dffe_Q_EN_LUT3_O_I0_LUT3_O_I0_LUT2_I0_O_LUT3_I0_O_LUT3_O_6.t_frag' (PB-LOGIC) ..
Complex block 29: 'mux_index_dffe_Q_EN_LUT3_O_I0_LUT3_O_I0_LUT2_I0_O_LUT3_I0_O_LUT3_O_7.t_frag' (PB-LOGIC) ..
Complex block 30: 'mux_index_dffe_Q_EN_LUT3_O_I0_LUT3_O_I0_LUT2_I0_O_LUT3_I0_O_LUT3_O_8.t_frag' (PB-LOGIC) ..
Complex block 31: 'mux_index_dffe_Q_EN_LUT3_O_I0_LUT3_O_I0_LUT2_I0_O_LUT3_I0_O_LUT3_O.t_frag' (PB-LOGIC) ..
Complex block 32: 'mux_index_dffe_Q_EN_LUT3_O_I0_LUT3_O_I0_LUT2_I0_O_LUT3_I0_O_LUT3_O_2.t_frag' (PB-LOGIC) ..
Complex block 33: 'mux_index_dffe_Q_EN_LUT3_O_I0_LUT3_O_I0_LUT2_I0_O_LUT3_I0_O_LUT3_O_3.t_frag' (PB-LOGIC) ..
Complex block 34: 'mux_index_dffe_Q_EN_LUT3_O_I0_LUT3_O_I0_LUT4_I2_O_LUT3_I1.t_frag' (PB-LOGIC) ..
Complex block 35: 'mux_index_dffe_Q_D_LUT3_O.t_frag' (PB-LOGIC) ..
Complex block 36: 'mux_index_dffe_Q_D_LUT3_O_1.t_frag' (PB-LOGIC) ..
Complex block 37: '$iopadmap$main.disp' (PB-BIDIR) .
Complex block 38: '$iopadmap$main.disp_1' (PB-BIDIR) .
Complex block 39: '$iopadmap$main.disp_2' (PB-BIDIR) .
Complex block 40: '$iopadmap$main.disp_3' (PB-BIDIR) .
Complex block 41: '$iopadmap$main.power' (PB-BIDIR) .
Complex block 42: '$iopadmap$main.power_1' (PB-BIDIR) .
Complex block 43: '$iopadmap$main.power_2' (PB-BIDIR) .
Complex block 44: '$iopadmap$main.power_3' (PB-BIDIR) .
Complex block 45: '$iopadmap$main.power_4' (PB-BIDIR) .
Complex block 46: '$iopadmap$main.power_5' (PB-BIDIR) .
Complex block 47: 'mainclock.s1_mux8x0_A.c_frag' (PB-LOGIC) .
Complex block 48: 'mainclock.s1_mux8x0_A_1.c_frag' (PB-LOGIC) .
Complex block 49: 'mainclock.s1_mux8x0_A_2.c_frag' (PB-LOGIC) .
Complex block 50: 'mainclock.s1_mux8x0_A_3.c_frag' (PB-LOGIC) .
Complex block 51: 'b3' (PB-BIDIR) .
Complex block 52: 'b4' (PB-BIDIR) .
Complex block 53: 'mux_index_dffe_Q_EN_LUT3_O_I0_LUT3_O_I0_LUT2_I0_O_LUT3_I0_O_LUT3_O_1.t_frag' (PB-LOGIC) ..
Complex block 54: 'b2' (PB-BIDIR) .
Complex block 55: 'mux_index_dffe_Q_EN_LUT3_O_I0_LUT3_O_I0_LUT2_I0_O_LUT3_I2.t_frag' (PB-LOGIC) ..
Complex block 56: 'mux_index_dffe_Q_EN_LUT3_O_I0_LUT3_O_I0_LUT2_I0_O_LUT3_I0_O_LUT2_O_2.t_frag' (PB-LOGIC) ..
Complex block 57: 'mux_index_dffe_Q_EN_LUT3_O_I0_LUT3_O_I0_LUT2_I0_O_LUT3_I0_O_LUT3_O_5.t_frag' (PB-LOGIC) ..
Complex block 58: 'mux_index_dffe_Q_EN_LUT3_O_I0_LUT3_O_I0_LUT2_I0_O_LUT3_I0_O_LUT2_O_3.t_frag' (PB-LOGIC) ..
Complex block 59: 'mux_index_dffe_Q_EN_LUT3_O_I0_LUT3_O_I0_LUT2_I0_O_LUT3_I0_O_LUT2_O_4.t_frag' (PB-LOGIC) ..
Complex block 60: 'b1' (PB-BIDIR) .
Complex block 61: 'power_dff_Q_D_LUT3_O_2.t_frag' (PB-LOGIC) ..
Complex block 62: 'power_dff_Q_D_LUT3_O_1.t_frag' (PB-LOGIC) ..
Complex block 63: 'power_dff_Q_D_LUT3_O_3.t_frag' (PB-LOGIC) ..
Complex block 64: 'power_dff_Q_D_LUT3_O_4.t_frag' (PB-LOGIC) ..
Complex block 65: 'power_dff_Q_D_LUT3_O_5.t_frag' (PB-LOGIC) ..
Complex block 66: 'mux_index_dffe_Q_EN_LUT3_O_I0_LUT3_O_I0_LUT2_I0_O_LUT3_I0_O_LUT2_O_6.t_frag' (PB-LOGIC) ..
Complex block 67: 'mainclock.b_dff_Q_3_D_LUT3_O_I1_LUT3_O_I0_LUT3_I1_O_LUT3_I1_I2_LUT4_I2.c_frag' (PB-LOGIC) ..
Complex block 68: 'mainclock.e_dff_Q_2_D_LUT3_O_I0_LUT2_I1_I0_LUT4_I2.c_frag' (PB-LOGIC) ..
Complex block 69: 'aclk_dff_Q_D_LUT3_O_I2_LUT2_O_I1_LUT2_I0_O_LUT2_O_2_I1_LUT3_I0.t_frag' (PB-LOGIC) ...
Complex block 70: 'aclk_dff_Q_D_LUT3_O_I2_LUT2_O_I1_LUT2_I0_O_LUT2_O_I1_LUT3_O.t_frag' (PB-LOGIC) ...
Complex block 71: 'aclk_dff_Q_D_LUT3_O_I2_LUT2_O_I1_LUT2_O_I0_LUT2_O.t_frag' (PB-LOGIC) ...
Complex block 72: 'b3_LUT2_I1.t_frag' (PB-LOGIC) ...
Complex block 73: 'b3_LUT2_I1_O_LUT3_I0_O_mux4x0_A_Q_LUT2_I0_O_LUT2_O_1_I0_mux4x0_Q_A_LUT2_O.t_frag' (PB-LOGIC) ...
Complex block 74: 'b3_LUT2_I1_O_LUT3_I0_O_mux4x0_A_Q_LUT2_I0_O_LUT2_O_2_I0_mux4x0_Q_A_LUT2_O.t_frag' (PB-LOGIC) ...
Complex block 75: 'b3_LUT2_I1_O_LUT3_I0_O_mux4x0_A_Q_LUT2_I0_O_LUT2_O_3_I0_mux4x0_Q_A_LUT2_O.t_frag' (PB-LOGIC) ...
Complex block 76: 'b3_LUT2_I1_O_LUT3_I0_O_mux4x0_A_Q_LUT2_I0_O_LUT2_O_4_I0_mux4x0_Q_A_LUT2_O.t_frag' (PB-LOGIC) ...
Complex block 77: 'b3_LUT2_I1_O_LUT3_I0_O_mux4x0_A_Q_LUT2_I0_O_LUT2_O_5_I0_mux4x0_Q_A_LUT2_O.t_frag' (PB-LOGIC) ...
Complex block 78: 'b3_LUT2_I1_O_LUT3_I0_O_mux4x0_A_Q_LUT2_I0_O_LUT2_O_6_I0_mux4x0_Q_A_LUT2_O.t_frag' (PB-LOGIC) ...
Complex block 79: 'b3_LUT2_I1_O_LUT3_I0_O_mux4x0_A_Q_LUT2_I0_O_LUT2_O_7_I0_mux4x0_Q_A_LUT2_O.t_frag' (PB-LOGIC) ...
Complex block 80: 'b3_LUT2_I1_O_LUT3_I0_O_mux4x0_A_Q_LUT2_I0_O_LUT2_O_8_I0_mux4x0_Q_A_LUT2_O.t_frag' (PB-LOGIC) ...
Complex block 81: 'mainclock.a_dff_Q_3_D_LUT3_O_I1_LUT3_I1.t_frag' (PB-LOGIC) ...
Complex block 82: 'mainclock.a_dff_Q_D_LUT3_O.t_frag' (PB-LOGIC) ...
Complex block 83: 'mainclock.e_dff_Q_D_LUT2_O_I1_LUT2_O.t_frag' (PB-LOGIC) ...
Complex block 84: 'b3_LUT2_I1_O_LUT3_I0_O_mux4x0_A_Q_LUT2_I0_O_LUT2_O_9_I1_mux4x0_Q_A_LUT2_O.t_frag' (PB-LOGIC) ...
Complex block 85: 'b4_LUT2_I1.t_frag' (PB-LOGIC) ...
Complex block 86: 'mainclock.a_dff_Q_2_D_LUT3_O.t_frag' (PB-LOGIC) ...
Complex block 87: 'aclk_dff_Q_D_LUT3_O_I2_LUT2_O_I1_LUT2_I0.t_frag' (PB-LOGIC) ...
Complex block 88: 'mainclock.a_dff_Q_3_D_LUT3_O_I1_LUT3_O.t_frag' (PB-LOGIC) ...
Complex block 89: 'mainclock.b_dff_Q_3_D_LUT3_O_I1_LUT3_O_I1_LUT2_O.t_frag' (PB-LOGIC) ...
Complex block 90: 'mainclock.a_dff_Q_1_D_LUT2_O.t_frag' (PB-LOGIC) ...
Complex block 91: 'mainclock.b_dff_Q_2_D_LUT2_O.t_frag' (PB-LOGIC) ...
Complex block 92: 'mainclock.b_dff_Q_3_D_LUT3_O_I1_LUT3_O.t_frag' (PB-LOGIC) ...
Complex block 93: 'mainclock.c_dff_Q_1_D_LUT3_O.t_frag' (PB-LOGIC) ...
Complex block 94: 'mainclock.e_dff_Q_2_D_LUT3_O_I0_LUT2_I1.t_frag' (PB-LOGIC) ...
Complex block 95: 'mainclock.e_dff_Q_2_D_LUT3_O_I0_LUT2_O.t_frag' (PB-LOGIC) ...
Complex block 96: 'mainclock.b_dff_Q_2_D_LUT2_O_I1_LUT3_O.t_frag' (PB-LOGIC) ...
Complex block 97: 'mux_index_dffe_Q_EN_LUT3_O_I0_LUT3_O_I0_LUT2_I0_O_LUT3_I0_O_LUT3_O_6_I1_LUT4_I3.c_frag' (PB-LOGIC) .
Complex block 98: 'mux_index_dffe_Q_EN_LUT3_O_I0_LUT3_O_I0_LUT2_I0_O_LUT3_I0_O_LUT3_O_6_I1_LUT4_O.c_frag' (PB-LOGIC) .
Complex block 99: 'mux_index_dffe_Q_EN_LUT3_O_I0_LUT3_O_I0_LUT2_I0_O_LUT3_I0_O_LUT3_O_8_I1_LUT4_O.c_frag' (PB-LOGIC) .
Complex block 100: 'mux_index_dffe_Q_EN_LUT3_O_I0_LUT3_O_I0_LUT4_I2.c_frag' (PB-LOGIC) .
Complex block 101: 'b3_LUT2_I1_O_LUT3_I0.t_frag' (PB-LOGIC) ...
Complex block 102: 'b3_LUT2_I1_O_LUT3_I0_1.t_frag' (PB-LOGIC) ...
Complex block 103: 'b3_LUT2_I1_O_LUT3_I0_3_O_mux4x0_A.t_frag' (PB-LOGIC) ...
Complex block 104: 'b3_LUT2_I1_O_LUT3_I0_4.t_frag' (PB-LOGIC) ...
Complex block 105: 'b2_LUT3_I1.t_frag' (PB-LOGIC) ...
Complex block 106: 'mux_index_dffe_Q_EN_LUT3_O_I0_LUT3_O_I0_LUT4_I2_O_LUT4_I3.c_frag' (PB-LOGIC) .
Complex block 107: 'mainclock.b_dff_Q_D_LUT3_O.t_frag' (PB-LOGIC) ...
Complex block 108: 'mux_index_dffe_Q_EN_LUT3_O_I0_LUT3_O_I0_LUT2_I0_O_LUT3_I0_O_LUT3_O_I1_LUT4_O.c_frag' (PB-LOGIC) .
Complex block 109: 'mainclock.b_dff_Q_3_D_LUT3_O_I1_LUT3_O_I0_LUT3_I1_O_LUT3_I1_I0_LUT3_O_I0_LUT2_O.t_frag' (PB-LOGIC) ...
Complex block 110: 'mainclock.b_dff_Q_3_D_LUT3_O_I1_LUT3_O_I0_LUT3_I1_O_LUT3_I1.t_frag' (PB-LOGIC) ...
Complex block 111: 'mainclock.b_dff_Q_1_D_LUT3_O.t_frag' (PB-LOGIC) ...
Complex block 112: 'mainclock.c_dff_Q_2' (PB-LOGIC) ...
Complex block 113: 'mainclock.m2_dff_Q_2' (PB-LOGIC) ...
Complex block 114: 'aclk_dff_Q_D_LUT3_O_I2_LUT2_O_I1_LUT2_O.t_frag' (PB-LOGIC) ...
Complex block 115: 'aclk_dff_Q_D_LUT3_O_I2_LUT2_O_I1_LUT2_O_I1_LUT2_O_I0_LUT3_O_I0_LUT2_O.t_frag' (PB-LOGIC) ...
Complex block 116: 'mainclock.b_dff_Q_3_D_LUT3_O.t_frag' (PB-LOGIC) ...
Complex block 117: 'mainclock.d_dff_Q_D_LUT3_O_I1_LUT3_O.t_frag' (PB-LOGIC) ...
Complex block 118: 'mainclock.m1_dff_Q' (PB-LOGIC) ...
Complex block 119: 'mainclock.e_dff_Q_2_D_LUT3_O_I0_LUT2_I1_I0_LUT2_O.t_frag' (PB-LOGIC) ...
Complex block 120: 'mainclock.b_dff_Q_3_D_LUT3_O_I1_LUT3_O_I0_LUT3_I1_O_LUT3_I1_I2_LUT3_O.t_frag' (PB-LOGIC) ...
Complex block 121: 'aclk_dff_Q_D_LUT3_O_I2_LUT2_O_I1_LUT2_O_I1_LUT2_O_I1_LUT3_O.t_frag' (PB-LOGIC) ...
Complex block 122: 'mainclock.m2_dff_Q_3' (PB-LOGIC) ...
Complex block 123: 'aclk_dff_Q_D_LUT3_O_I1_LUT2_O.t_frag' (PB-LOGIC) ...
Complex block 124: 'mux_index_dffe_Q_EN_LUT3_O_I2_LUT3_O.t_frag' (PB-LOGIC) ...
Complex block 125: 'mainclock.d_dff_Q_1_D_LUT3_O.t_frag' (PB-LOGIC) ...
Complex block 126: 'aclk_dff_Q_D_LUT3_O_I2_LUT2_O_I1_LUT2_I0_O_LUT2_O_4_I1_LUT3_O.t_frag' (PB-LOGIC) ...
Complex block 127: 'aclk_dff_Q_D_LUT3_O_I2_LUT2_O_I1_LUT2_I0_O_LUT2_O_5.t_frag' (PB-LOGIC) ...
Complex block 128: 'mux_index_dffe_Q_EN_LUT3_O_I0_LUT3_O_I0_LUT2_I0_O_LUT3_I0_I1_LUT3_O.t_frag' (PB-LOGIC) ..
Complex block 129: 'mainclock.e_dff_Q_D_LUT2_O.t_frag' (PB-LOGIC) ..
Complex block 130: 'aclk_dff_Q_D_LUT3_O_I2_LUT2_O_I1_LUT2_I0_O_LUT3_O_5.t_frag' (PB-LOGIC) ..
Complex block 131: '$false' (PB-SYN_GND) .
Complex block 132: '$true' (PB-SYN_VCC) .
	EMPTY: # blocks: 0, average # input + clock pins used: 0, average # output pins used: 0
	PB-GMUX: # blocks: 0, average # input + clock pins used: 0, average # output pins used: 0
	PB-LOGIC: # blocks: 116, average # input + clock pins used: 19.1121, average # output pins used: 2.38793
	PB-CLOCK: # blocks: 0, average # input + clock pins used: 0, average # output pins used: 0
	PB-MULT: # blocks: 0, average # input + clock pins used: 0, average # output pins used: 0
	PB-SDIOMUX: # blocks: 0, average # input + clock pins used: 0, average # output pins used: 0
	PB-RAM: # blocks: 0, average # input + clock pins used: 0, average # output pins used: 0
	PB-SYN_VCC: # blocks: 1, average # input + clock pins used: 0, average # output pins used: 1
	PB-BIDIR: # blocks: 14, average # input + clock pins used: 2.71429, average # output pins used: 0.285714
	PB-SYN_GND: # blocks: 1, average # input + clock pins used: 0, average # output pins used: 1
	PB-ASSP: # blocks: 1, average # input + clock pins used: 161, average # output pins used: 1
Absorbed logical nets 66 out of 350 nets, 284 nets not absorbed.
Incr Slack updates 1 in 1.6258e-05 sec
Full Max Req/Worst Slack updates 1 in 1.0951e-05 sec
Incr Max Req/Worst Slack updates 0 in 0 sec
Incr Criticality updates 0 in 0 sec
Full Criticality updates 1 in 3.4788e-05 sec
FPGA sized to 39 x 35 (ql-eos-s3)
Device Utilization: 0.10 (target 1.00)
	Block Utilization: 0.13 Type: PB-LOGIC
	Block Utilization: 1.00 Type: PB-SYN_VCC
	Block Utilization: 0.44 Type: PB-BIDIR
	Block Utilization: 1.00 Type: PB-SYN_GND
	Block Utilization: 1.00 Type: PB-ASSP


Netlist conversion complete.

# Packing took 0.06 seconds (max_rss 47.0 MiB, delta_rss +0.1 MiB)
# Load Packing
Begin loading packed FPGA netlist file.
Netlist generated from file 'main.net'.
Detected 2 constant generators (to see names run with higher pack verbosity)
Finished loading packed FPGA netlist file (took 0.045571 seconds).
# Load Packing took 0.05 seconds (max_rss 49.2 MiB, delta_rss +2.1 MiB)
Warning 9: Netlist contains 0 global net to non-global architecture pin connections
Warning 10: Logic block #131 ($false) has only 1 output pin '$false.GND0_GND[0]'. It may be a constant generator.
Warning 11: Logic block #132 ($true) has only 1 output pin '$true.VCC0_VCC[0]'. It may be a constant generator.

Netlist num_nets: 284
Netlist num_blocks: 133
Netlist EMPTY blocks: 0.
Netlist PB-GMUX blocks: 0.
Netlist PB-LOGIC blocks: 116.
Netlist PB-CLOCK blocks: 0.
Netlist PB-MULT blocks: 0.
Netlist PB-SDIOMUX blocks: 0.
Netlist PB-RAM blocks: 0.
Netlist PB-SYN_VCC blocks: 1.
Netlist PB-BIDIR blocks: 14.
Netlist PB-SYN_GND blocks: 1.
Netlist PB-ASSP blocks: 1.
Netlist inputs pins: 4
Netlist output pins: 38


Pb types usage...
  PB-LOGIC          : 116
   LOGIC            : 116
    FRAGS           : 116
     c_frag_modes   : 116
      SINGLE        : 14
       c_frag       : 14
      SPLIT         : 102
       b_frag       : 102
       t_frag       : 102
     f_frag         : 4
     q_frag_modes   : 107
      INT           : 52
       q_frag       : 52
      EXT           : 55
       q_frag       : 55
  PB-SYN_VCC        : 1
   VCC              : 1
  PB-BIDIR          : 14
   BIDIR            : 14
    INPUT           : 4
     bidir          : 4
     inpad          : 4
    OUTPUT          : 10
     bidir          : 10
     outpad         : 10
  PB-SYN_GND        : 1
   GND              : 1
  PB-ASSP           : 1
   ASSP             : 1

# Create Device
## Build Device Grid
FPGA sized to 39 x 35: 1365 grid tiles (ql-eos-s3)

Resource usage...
	Netlist
		0	blocks of type: PB-GMUX
	Architecture
		5	blocks of type: TL-GMUX
	Netlist
		116	blocks of type: PB-LOGIC
	Architecture
		891	blocks of type: TL-LOGIC
	Netlist
		0	blocks of type: PB-CLOCK
	Architecture
		5	blocks of type: TL-CLOCK
	Netlist
		0	blocks of type: PB-MULT
	Architecture
		2	blocks of type: TL-MULT
	Netlist
		0	blocks of type: PB-SDIOMUX
	Architecture
		14	blocks of type: TL-SDIOMUX
	Netlist
		0	blocks of type: PB-RAM
	Architecture
		4	blocks of type: TL-RAM
	Netlist
		1	blocks of type: PB-SYN_VCC
	Architecture
		1	blocks of type: TL-SYN_VCC
	Netlist
		14	blocks of type: PB-BIDIR
	Architecture
		32	blocks of type: TL-BIDIR
	Netlist
		1	blocks of type: PB-SYN_GND
	Architecture
		1	blocks of type: TL-SYN_GND
	Netlist
		1	blocks of type: PB-ASSP
	Architecture
		1	blocks of type: TL-ASSP

Device Utilization: 0.10 (target 1.00)
	Physical Tile TL-LOGIC:
	Block Utilization: 0.13 Logical Block: PB-LOGIC
	Physical Tile TL-RAM:
	Block Utilization: 0.00 Logical Block: PB-RAM
	Physical Tile TL-MULT:
	Block Utilization: 0.00 Logical Block: PB-MULT
	Physical Tile TL-BIDIR:
	Block Utilization: 0.44 Logical Block: PB-BIDIR
	Physical Tile TL-CLOCK:
	Block Utilization: 0.00 Logical Block: PB-CLOCK
	Physical Tile TL-SDIOMUX:
	Block Utilization: 0.00 Logical Block: PB-SDIOMUX
	Physical Tile TL-GMUX:
	Block Utilization: 0.00 Logical Block: PB-GMUX
	Physical Tile TL-ASSP:
	Block Utilization: 1.00 Logical Block: PB-ASSP
	Physical Tile TL-SYN_VCC:
	Block Utilization: 1.00 Logical Block: PB-SYN_VCC
	Physical Tile TL-SYN_GND:
	Block Utilization: 1.00 Logical Block: PB-SYN_GND

## Build Device Grid took 0.00 seconds (max_rss 49.4 MiB, delta_rss +0.0 MiB)
## Loading routing resource graph



Warning 12: This architecture version is for VPR 8.1.0-dev+dadca7ecf-dirty while your current VPR version is 8.1.0-dev+dadca7ecf compatability issues may arise

## Loading routing resource graph took 0.42 seconds (max_rss 349.0 MiB, delta_rss +299.7 MiB)
  RR Graph Nodes: 1396446
  RR Graph Edges: 2337988
# Create Device took 1.09 seconds (max_rss 396.7 MiB, delta_rss +347.3 MiB)


Flow timing analysis took 0.000385765 seconds (0.000317004 STA, 6.8761e-05 slack) (1 full updates: 1 setup, 0 hold, 0 combined).
VPR succeeded
The entire flow of VPR took 1.59 seconds (max_rss 396.7 MiB)
