#Unconstrained setup timing startpoint/endpoint

timing_node_id node_type node_name
-------------- --------- ---------
995 Q_FRAG mainclock.h1_dff_Q.QZ[0]
996 Q_FRAG mainclock.h1_dff_Q_1.QZ[0]
997 Q_FRAG mainclock.h1_dff_Q_2.QZ[0]
998 Q_FRAG mainclock.h1_dff_Q_3.QZ[0]
999 Q_FRAG mainclock.h2_dff_Q.QZ[0]
1000 Q_FRAG mainclock.h2_dff_Q_1.QZ[0]
1001 Q_FRAG mainclock.h2_dff_Q_2.QZ[0]
1002 Q_FRAG mainclock.h2_dff_Q_3.QZ[0]
1003 Q_FRAG mainclock.m1_dff_Q.QZ[0]
1004 Q_FRAG mainclock.m1_dff_Q_1.QZ[0]
1005 Q_FRAG mainclock.m1_dff_Q_2.QZ[0]
1006 Q_FRAG mainclock.m1_dff_Q_3.QZ[0]
1007 Q_FRAG mainclock.m2_dff_Q.QZ[0]
1008 Q_FRAG mainclock.m2_dff_Q_1.QZ[0]
1009 Q_FRAG mainclock.m2_dff_Q_2.QZ[0]
1010 Q_FRAG mainclock.m2_dff_Q_3.QZ[0]
1011 Q_FRAG mainclock.s1_dff_Q.QZ[0]
1012 Q_FRAG mainclock.s1_dff_Q_1.QZ[0]
1013 Q_FRAG mainclock.s1_dff_Q_2.QZ[0]
1014 Q_FRAG mainclock.s1_dff_Q_3.QZ[0]
1015 Q_FRAG mainclock.s2_dff_Q.QZ[0]
1016 Q_FRAG mainclock.s2_dff_Q_1.QZ[0]
1017 Q_FRAG mainclock.s2_dff_Q_2.QZ[0]
1018 Q_FRAG mainclock.s2_dff_Q_3.QZ[0]

#End of unconstrained setup startpoint/endpoint report
